0 info it worked if it ends with ok
1 verbose cli [ '/usr/bin/node', '/usr/bin/npm', 'install', '-g', '@angular/cli' ]
2 info using npm@6.14.8
3 info using node@v12.20.0
4 verbose npm-session 276cb57d3b9f0e24
5 silly install loadCurrentTree
6 silly install readGlobalPackageData
7 http fetch GET 304 https://registry.npmjs.org/@angular%2fcli 208ms (from cache)
8 silly pacote tag manifest for @angular/cli@latest fetched in 236ms
9 timing stage:loadCurrentTree Completed in 246ms
10 silly install loadIdealTree
11 silly install cloneCurrentTreeToIdealTree
12 timing stage:loadIdealTree:cloneCurrentTree Completed in 0ms
13 silly install loadShrinkwrap
14 timing stage:loadIdealTree:loadShrinkwrap Completed in 1ms
15 silly install loadAllDepsIntoIdealTree
16 silly resolveWithNewModule @angular/cli@11.0.2 checking installable status
17 http fetch GET 304 https://registry.npmjs.org/@angular-devkit%2farchitect 107ms (from cache)
18 silly pacote version manifest for @angular-devkit/architect@0.1100.2 fetched in 111ms
19 silly resolveWithNewModule @angular-devkit/architect@0.1100.2 checking installable status
20 http fetch GET 304 https://registry.npmjs.org/ini 177ms (from cache)
21 silly pacote version manifest for ini@1.3.5 fetched in 180ms
22 silly resolveWithNewModule ini@1.3.5 checking installable status
23 http fetch GET 304 https://registry.npmjs.org/inquirer 184ms (from cache)
24 silly pacote version manifest for inquirer@7.3.3 fetched in 198ms
25 silly resolveWithNewModule inquirer@7.3.3 checking installable status
26 http fetch GET 304 https://registry.npmjs.org/debug 203ms (from cache)
27 http fetch GET 304 https://registry.npmjs.org/npm-package-arg 98ms (from cache)
28 silly pacote version manifest for debug@4.2.0 fetched in 216ms
29 silly resolveWithNewModule debug@4.2.0 checking installable status
30 silly pacote version manifest for npm-package-arg@8.1.0 fetched in 111ms
31 silly resolveWithNewModule npm-package-arg@8.1.0 checking installable status
32 http fetch GET 304 https://registry.npmjs.org/@schematics%2fangular 237ms (from cache)
33 http fetch GET 304 https://registry.npmjs.org/ansi-colors 237ms (from cache)
34 http fetch GET 304 https://registry.npmjs.org/@yarnpkg%2flockfile 237ms (from cache)
35 silly pacote version manifest for @schematics/angular@11.0.2 fetched in 246ms
36 silly resolveWithNewModule @schematics/angular@11.0.2 checking installable status
37 silly pacote version manifest for ansi-colors@4.1.1 fetched in 243ms
38 silly resolveWithNewModule ansi-colors@4.1.1 checking installable status
39 silly pacote version manifest for @yarnpkg/lockfile@1.1.0 fetched in 244ms
40 silly resolveWithNewModule @yarnpkg/lockfile@1.1.0 checking installable status
41 http fetch GET 304 https://registry.npmjs.org/@angular-devkit%2fcore 252ms (from cache)
42 http fetch GET 304 https://registry.npmjs.org/@angular-devkit%2fschematics 257ms (from cache)
43 http fetch GET 304 https://registry.npmjs.org/@schematics%2fupdate 278ms (from cache)
44 silly pacote version manifest for @angular-devkit/core@11.0.2 fetched in 287ms
45 silly resolveWithNewModule @angular-devkit/core@11.0.2 checking installable status
46 silly pacote version manifest for @angular-devkit/schematics@11.0.2 fetched in 290ms
47 silly resolveWithNewModule @angular-devkit/schematics@11.0.2 checking installable status
48 silly pacote version manifest for @schematics/update@0.1100.2 fetched in 291ms
49 silly resolveWithNewModule @schematics/update@0.1100.2 checking installable status
50 http fetch GET 304 https://registry.npmjs.org/npm-pick-manifest 117ms (from cache)
51 silly pacote version manifest for npm-pick-manifest@6.1.0 fetched in 119ms
52 silly resolveWithNewModule npm-pick-manifest@6.1.0 checking installable status
53 http fetch GET 304 https://registry.npmjs.org/resolve 84ms (from cache)
54 http fetch GET 304 https://registry.npmjs.org/open 103ms (from cache)
55 http fetch GET 304 https://registry.npmjs.org/pacote 87ms (from cache)
56 silly pacote version manifest for resolve@1.18.1 fetched in 89ms
57 silly resolveWithNewModule resolve@1.18.1 checking installable status
58 silly pacote version manifest for open@7.3.0 fetched in 108ms
59 silly resolveWithNewModule open@7.3.0 checking installable status
60 silly pacote version manifest for pacote@9.5.12 fetched in 90ms
61 silly resolveWithNewModule pacote@9.5.12 checking installable status
62 http fetch GET 304 https://registry.npmjs.org/rimraf 73ms (from cache)
63 silly pacote version manifest for rimraf@3.0.2 fetched in 74ms
64 silly resolveWithNewModule rimraf@3.0.2 checking installable status
65 http fetch GET 304 https://registry.npmjs.org/semver 83ms (from cache)
66 http fetch GET 304 https://registry.npmjs.org/symbol-observable 88ms (from cache)
67 silly pacote version manifest for semver@7.3.2 fetched in 89ms
68 silly resolveWithNewModule semver@7.3.2 checking installable status
69 silly pacote version manifest for symbol-observable@2.0.3 fetched in 91ms
70 silly resolveWithNewModule symbol-observable@2.0.3 checking installable status
71 http fetch GET 304 https://registry.npmjs.org/universal-analytics 58ms (from cache)
72 silly pacote version manifest for universal-analytics@0.4.23 fetched in 60ms
73 silly resolveWithNewModule universal-analytics@0.4.23 checking installable status
74 http fetch GET 304 https://registry.npmjs.org/uuid 58ms (from cache)
75 silly pacote version manifest for uuid@8.3.1 fetched in 62ms
76 silly resolveWithNewModule uuid@8.3.1 checking installable status
77 http fetch GET 304 https://registry.npmjs.org/rxjs 73ms (from cache)
78 silly pacote version manifest for rxjs@6.6.3 fetched in 81ms
79 silly resolveWithNewModule rxjs@6.6.3 checking installable status
80 http fetch GET 304 https://registry.npmjs.org/fast-json-stable-stringify 69ms (from cache)
81 silly pacote version manifest for fast-json-stable-stringify@2.1.0 fetched in 71ms
82 silly resolveWithNewModule fast-json-stable-stringify@2.1.0 checking installable status
83 http fetch GET 304 https://registry.npmjs.org/magic-string 73ms (from cache)
84 http fetch GET 304 https://registry.npmjs.org/source-map 73ms (from cache)
85 http fetch GET 304 https://registry.npmjs.org/ajv 77ms (from cache)
86 silly pacote version manifest for magic-string@0.25.7 fetched in 78ms
87 silly resolveWithNewModule magic-string@0.25.7 checking installable status
88 silly pacote version manifest for source-map@0.7.3 fetched in 78ms
89 silly resolveWithNewModule source-map@0.7.3 checking installable status
90 silly pacote version manifest for ajv@6.12.6 fetched in 81ms
91 silly resolveWithNewModule ajv@6.12.6 checking installable status
92 http fetch GET 304 https://registry.npmjs.org/json-schema-traverse 60ms (from cache)
93 silly pacote range manifest for json-schema-traverse@^0.4.1 fetched in 66ms
94 silly resolveWithNewModule json-schema-traverse@0.4.1 checking installable status
95 http fetch GET 304 https://registry.npmjs.org/fast-deep-equal 70ms (from cache)
96 http fetch GET 304 https://registry.npmjs.org/uri-js 70ms (from cache)
97 silly pacote range manifest for fast-deep-equal@^3.1.1 fetched in 72ms
98 silly resolveWithNewModule fast-deep-equal@3.1.3 checking installable status
99 silly pacote range manifest for uri-js@^4.2.2 fetched in 71ms
100 silly resolveWithNewModule uri-js@4.4.0 checking installable status
101 http fetch GET 304 https://registry.npmjs.org/punycode 53ms (from cache)
102 silly pacote range manifest for punycode@^2.1.0 fetched in 55ms
103 silly resolveWithNewModule punycode@2.1.1 checking installable status
104 http fetch GET 304 https://registry.npmjs.org/sourcemap-codec 59ms (from cache)
105 silly pacote range manifest for sourcemap-codec@^1.4.4 fetched in 60ms
106 silly resolveWithNewModule sourcemap-codec@1.4.8 checking installable status
107 http fetch GET 304 https://registry.npmjs.org/tslib 55ms (from cache)
108 silly pacote range manifest for tslib@^1.9.0 fetched in 57ms
109 silly resolveWithNewModule tslib@1.14.1 checking installable status
110 http fetch GET 304 https://registry.npmjs.org/ora 53ms (from cache)
111 silly pacote version manifest for ora@5.1.0 fetched in 60ms
112 silly resolveWithNewModule ora@5.1.0 checking installable status
113 http fetch GET 200 https://registry.npmjs.org/mute-stream 14ms (from cache)
114 silly pacote version manifest for mute-stream@0.0.8 fetched in 15ms
115 silly resolveWithNewModule mute-stream@0.0.8 checking installable status
116 http fetch GET 304 https://registry.npmjs.org/cli-spinners 89ms (from cache)
117 http fetch GET 304 https://registry.npmjs.org/strip-ansi 89ms (from cache)
118 http fetch GET 304 https://registry.npmjs.org/log-symbols 89ms (from cache)
119 http fetch GET 304 https://registry.npmjs.org/wcwidth 88ms (from cache)
120 http fetch GET 304 https://registry.npmjs.org/is-interactive 90ms (from cache)
121 http fetch GET 304 https://registry.npmjs.org/chalk 93ms (from cache)
122 silly pacote range manifest for cli-spinners@^2.4.0 fetched in 94ms
123 silly resolveWithNewModule cli-spinners@2.5.0 checking installable status
124 silly pacote range manifest for strip-ansi@^6.0.0 fetched in 94ms
125 silly resolveWithNewModule strip-ansi@6.0.0 checking installable status
126 silly pacote range manifest for log-symbols@^4.0.0 fetched in 95ms
127 silly resolveWithNewModule log-symbols@4.0.0 checking installable status
128 silly pacote range manifest for wcwidth@^1.0.1 fetched in 94ms
129 silly resolveWithNewModule wcwidth@1.0.1 checking installable status
130 silly pacote range manifest for is-interactive@^1.0.0 fetched in 97ms
131 silly resolveWithNewModule is-interactive@1.0.0 checking installable status
132 silly pacote range manifest for chalk@^4.1.0 fetched in 97ms
133 silly resolveWithNewModule chalk@4.1.0 checking installable status
134 http fetch GET 304 https://registry.npmjs.org/cli-cursor 101ms (from cache)
135 silly pacote range manifest for cli-cursor@^3.1.0 fetched in 102ms
136 silly resolveWithNewModule cli-cursor@3.1.0 checking installable status
137 http fetch GET 304 https://registry.npmjs.org/ansi-styles 53ms (from cache)
138 silly pacote range manifest for ansi-styles@^4.1.0 fetched in 54ms
139 silly resolveWithNewModule ansi-styles@4.3.0 checking installable status
140 http fetch GET 304 https://registry.npmjs.org/supports-color 61ms (from cache)
141 silly pacote range manifest for supports-color@^7.1.0 fetched in 62ms
142 silly resolveWithNewModule supports-color@7.2.0 checking installable status
143 http fetch GET 304 https://registry.npmjs.org/color-convert 53ms (from cache)
144 silly pacote range manifest for color-convert@^2.0.1 fetched in 54ms
145 silly resolveWithNewModule color-convert@2.0.1 checking installable status
146 http fetch GET 304 https://registry.npmjs.org/color-name 49ms (from cache)
147 silly pacote range manifest for color-name@~1.1.4 fetched in 50ms
148 silly resolveWithNewModule color-name@1.1.4 checking installable status
149 http fetch GET 304 https://registry.npmjs.org/has-flag 55ms (from cache)
150 silly pacote range manifest for has-flag@^4.0.0 fetched in 56ms
151 silly resolveWithNewModule has-flag@4.0.0 checking installable status
152 http fetch GET 304 https://registry.npmjs.org/restore-cursor 60ms (from cache)
153 silly pacote range manifest for restore-cursor@^3.1.0 fetched in 62ms
154 silly resolveWithNewModule restore-cursor@3.1.0 checking installable status
155 http fetch GET 304 https://registry.npmjs.org/onetime 58ms (from cache)
156 http fetch GET 304 https://registry.npmjs.org/signal-exit 62ms (from cache)
157 silly pacote range manifest for onetime@^5.1.0 fetched in 63ms
158 silly resolveWithNewModule onetime@5.1.2 checking installable status
159 silly pacote range manifest for signal-exit@^3.0.2 fetched in 64ms
160 silly resolveWithNewModule signal-exit@3.0.3 checking installable status
161 http fetch GET 304 https://registry.npmjs.org/mimic-fn 55ms (from cache)
162 silly pacote range manifest for mimic-fn@^2.1.0 fetched in 56ms
163 silly resolveWithNewModule mimic-fn@2.1.0 checking installable status
164 http fetch GET 304 https://registry.npmjs.org/ansi-regex 63ms (from cache)
165 silly pacote range manifest for ansi-regex@^5.0.0 fetched in 64ms
166 silly resolveWithNewModule ansi-regex@5.0.0 checking installable status
167 http fetch GET 304 https://registry.npmjs.org/defaults 46ms (from cache)
168 silly pacote range manifest for defaults@^1.0.3 fetched in 47ms
169 silly resolveWithNewModule defaults@1.0.3 checking installable status
170 http fetch GET 304 https://registry.npmjs.org/clone 52ms (from cache)
171 silly pacote range manifest for clone@^1.0.2 fetched in 53ms
172 silly resolveWithNewModule clone@1.0.4 checking installable status
173 http fetch GET 304 https://registry.npmjs.org/jsonc-parser 77ms (from cache)
174 silly pacote version manifest for jsonc-parser@2.3.1 fetched in 78ms
175 silly resolveWithNewModule jsonc-parser@2.3.1 checking installable status
176 http fetch GET 304 https://registry.npmjs.org/semver-intersect 57ms (from cache)
177 silly pacote version manifest for semver-intersect@1.4.0 fetched in 59ms
178 silly resolveWithNewModule semver-intersect@1.4.0 checking installable status
179 http fetch GET 304 https://registry.npmjs.org/hosted-git-info 65ms (from cache)
180 silly pacote range manifest for hosted-git-info@^3.0.6 fetched in 68ms
181 silly resolveWithNewModule hosted-git-info@3.0.7 checking installable status
182 http fetch GET 304 https://registry.npmjs.org/validate-npm-package-name 70ms (from cache)
183 silly pacote range manifest for validate-npm-package-name@^3.0.0 fetched in 71ms
184 silly resolveWithNewModule validate-npm-package-name@3.0.0 checking installable status
185 http fetch GET 304 https://registry.npmjs.org/lru-cache 155ms (from cache)
186 silly pacote range manifest for lru-cache@^6.0.0 fetched in 156ms
187 silly resolveWithNewModule lru-cache@6.0.0 checking installable status
188 http fetch GET 304 https://registry.npmjs.org/yallist 78ms (from cache)
189 silly pacote range manifest for yallist@^4.0.0 fetched in 79ms
190 silly resolveWithNewModule yallist@4.0.0 checking installable status
191 http fetch GET 304 https://registry.npmjs.org/builtins 97ms (from cache)
192 silly pacote range manifest for builtins@^1.0.3 fetched in 99ms
193 silly resolveWithNewModule builtins@1.0.3 checking installable status
194 silly pacote range manifest for lru-cache@^5.1.1 fetched in 4ms
195 silly resolveWithNewModule lru-cache@5.1.1 checking installable status
196 http fetch GET 304 https://registry.npmjs.org/get-stream 89ms (from cache)
197 http fetch GET 304 https://registry.npmjs.org/glob 89ms (from cache)
198 http fetch GET 304 https://registry.npmjs.org/chownr 93ms (from cache)
199 http fetch GET 304 https://registry.npmjs.org/infer-owner 93ms (from cache)
200 http fetch GET 304 https://registry.npmjs.org/cacache 94ms (from cache)
201 silly pacote range manifest for get-stream@^4.1.0 fetched in 94ms
202 silly resolveWithNewModule get-stream@4.1.0 checking installable status
203 silly pacote range manifest for glob@^7.1.3 fetched in 95ms
204 silly resolveWithNewModule glob@7.1.6 checking installable status
205 http fetch GET 304 https://registry.npmjs.org/bluebird 99ms (from cache)
206 silly pacote range manifest for chownr@^1.1.2 fetched in 106ms
207 silly resolveWithNewModule chownr@1.1.4 checking installable status
208 silly pacote range manifest for infer-owner@^1.0.4 fetched in 108ms
209 silly resolveWithNewModule infer-owner@1.0.4 checking installable status
210 silly pacote range manifest for cacache@^12.0.2 fetched in 110ms
211 silly resolveWithNewModule cacache@12.0.4 checking installable status
212 silly pacote range manifest for bluebird@^3.5.3 fetched in 115ms
213 silly resolveWithNewModule bluebird@3.7.2 checking installable status
214 http fetch GET 304 https://registry.npmjs.org/figgy-pudding 116ms (from cache)
215 http fetch GET 304 https://registry.npmjs.org/minipass 109ms (from cache)
216 http fetch GET 304 https://registry.npmjs.org/minimatch 116ms (from cache)
217 silly pacote range manifest for npm-package-arg@^6.1.0 fetched in 11ms
218 silly resolveWithNewModule npm-package-arg@6.1.1 checking installable status
219 http fetch GET 304 https://registry.npmjs.org/make-fetch-happen 121ms (from cache)
220 silly pacote range manifest for figgy-pudding@^3.5.1 fetched in 125ms
221 silly resolveWithNewModule figgy-pudding@3.5.2 checking installable status
222 silly pacote range manifest for minipass@^2.3.5 fetched in 119ms
223 silly resolveWithNewModule minipass@2.9.0 checking installable status
224 silly pacote range manifest for minimatch@^3.0.4 fetched in 125ms
225 silly resolveWithNewModule minimatch@3.0.4 checking installable status
226 silly pacote range manifest for npm-pick-manifest@^3.0.0 fetched in 8ms
227 silly resolveWithNewModule npm-pick-manifest@3.0.2 checking installable status
228 silly pacote range manifest for make-fetch-happen@^5.0.0 fetched in 128ms
229 silly resolveWithNewModule make-fetch-happen@5.0.2 checking installable status
230 http fetch GET 304 https://registry.npmjs.org/mississippi 72ms (from cache)
231 http fetch GET 304 https://registry.npmjs.org/mkdirp 74ms (from cache)
232 silly pacote range manifest for mississippi@^3.0.0 fetched in 76ms
233 silly resolveWithNewModule mississippi@3.0.0 checking installable status
234 silly pacote range manifest for mkdirp@^0.5.1 fetched in 79ms
235 silly resolveWithNewModule mkdirp@0.5.5 checking installable status
236 silly pacote range manifest for rimraf@^2.6.2 fetched in 6ms
237 silly resolveWithNewModule rimraf@2.7.1 checking installable status
238 http fetch GET 304 https://registry.npmjs.org/normalize-package-data 75ms (from cache)
239 silly pacote range manifest for semver@^5.6.0 fetched in 5ms
240 silly resolveWithNewModule semver@5.7.1 checking installable status
241 silly pacote range manifest for normalize-package-data@^2.4.0 fetched in 81ms
242 silly resolveWithNewModule normalize-package-data@2.5.0 checking installable status
243 http fetch GET 304 https://registry.npmjs.org/npm-packlist 82ms (from cache)
244 silly pacote range manifest for npm-packlist@^1.1.12 fetched in 84ms
245 silly resolveWithNewModule npm-packlist@1.4.8 checking installable status
246 http fetch GET 304 https://registry.npmjs.org/npm-registry-fetch 75ms (from cache)
247 http fetch GET 304 https://registry.npmjs.org/npm-normalize-package-bin 93ms (from cache)
248 http fetch GET 304 https://registry.npmjs.org/promise-inflight 75ms (from cache)
249 http fetch GET 304 https://registry.npmjs.org/osenv 76ms (from cache)
250 silly pacote range manifest for npm-registry-fetch@^4.0.0 fetched in 78ms
251 silly resolveWithNewModule npm-registry-fetch@4.0.7 checking installable status
252 silly pacote range manifest for npm-normalize-package-bin@^1.0.0 fetched in 96ms
253 silly resolveWithNewModule npm-normalize-package-bin@1.0.1 checking installable status
254 silly pacote range manifest for promise-inflight@^1.0.1 fetched in 79ms
255 silly resolveWithNewModule promise-inflight@1.0.1 checking installable status
256 silly pacote range manifest for osenv@^0.1.5 fetched in 79ms
257 silly resolveWithNewModule osenv@0.1.5 checking installable status
258 http fetch GET 304 https://registry.npmjs.org/promise-retry 81ms (from cache)
259 silly pacote range manifest for promise-retry@^1.1.1 fetched in 82ms
260 silly resolveWithNewModule promise-retry@1.1.1 checking installable status
261 http fetch GET 304 https://registry.npmjs.org/protoduck 83ms (from cache)
262 silly pacote range manifest for protoduck@^5.0.1 fetched in 83ms
263 silly resolveWithNewModule protoduck@5.0.1 checking installable status
264 http fetch GET 304 https://registry.npmjs.org/safe-buffer 51ms (from cache)
265 silly pacote range manifest for safe-buffer@^5.1.2 fetched in 53ms
266 silly resolveWithNewModule safe-buffer@5.2.1 checking installable status
267 http fetch GET 304 https://registry.npmjs.org/ssri 61ms (from cache)
268 http fetch GET 304 https://registry.npmjs.org/tar 59ms (from cache)
269 silly pacote range manifest for ssri@^6.0.1 fetched in 64ms
270 silly resolveWithNewModule ssri@6.0.1 checking installable status
271 silly pacote range manifest for tar@^4.4.10 fetched in 61ms
272 silly resolveWithNewModule tar@4.4.13 checking installable status
273 http fetch GET 304 https://registry.npmjs.org/unique-filename 59ms (from cache)
274 silly pacote range manifest for unique-filename@^1.1.1 fetched in 60ms
275 silly resolveWithNewModule unique-filename@1.1.1 checking installable status
276 http fetch GET 304 https://registry.npmjs.org/which 62ms (from cache)
277 silly pacote range manifest for which@^1.3.1 fetched in 63ms
278 silly resolveWithNewModule which@1.3.1 checking installable status
279 silly pacote range manifest for lru-cache@^5.1.1 fetched in 5ms
280 silly resolveWithNewModule lru-cache@5.1.1 checking installable status
281 silly pacote range manifest for rimraf@^2.6.3 fetched in 4ms
282 silly resolveWithNewModule rimraf@2.7.1 checking installable status
283 http fetch GET 304 https://registry.npmjs.org/move-concurrently 52ms (from cache)
284 silly pacote range manifest for move-concurrently@^1.0.1 fetched in 54ms
285 silly resolveWithNewModule move-concurrently@1.0.1 checking installable status
286 http fetch GET 304 https://registry.npmjs.org/graceful-fs 57ms (from cache)
287 silly pacote range manifest for graceful-fs@^4.1.15 fetched in 59ms
288 silly resolveWithNewModule graceful-fs@4.2.4 checking installable status
289 http fetch GET 304 https://registry.npmjs.org/y18n 69ms (from cache)
290 silly pacote range manifest for y18n@^4.0.0 fetched in 71ms
291 silly resolveWithNewModule y18n@4.0.0 checking installable status
292 http fetch GET 200 https://registry.npmjs.org/once 5ms (from cache)
293 silly pacote range manifest for once@^1.3.0 fetched in 6ms
294 silly resolveWithNewModule once@1.4.0 checking installable status
295 http fetch GET 304 https://registry.npmjs.org/inherits 54ms (from cache)
296 silly pacote range manifest for inherits@2 fetched in 56ms
297 silly resolveWithNewModule inherits@2.0.4 checking installable status
298 http fetch GET 304 https://registry.npmjs.org/inflight 58ms (from cache)
299 silly pacote range manifest for inflight@^1.0.4 fetched in 59ms
300 silly resolveWithNewModule inflight@1.0.6 checking installable status
301 http fetch GET 304 https://registry.npmjs.org/path-is-absolute 58ms (from cache)
302 silly pacote range manifest for path-is-absolute@^1.0.0 fetched in 62ms
303 silly resolveWithNewModule path-is-absolute@1.0.1 checking installable status
304 http fetch GET 304 https://registry.npmjs.org/fs.realpath 65ms (from cache)
305 silly pacote range manifest for fs.realpath@^1.0.0 fetched in 66ms
306 silly resolveWithNewModule fs.realpath@1.0.0 checking installable status
307 http fetch GET 304 https://registry.npmjs.org/wrappy 64ms (from cache)
308 silly pacote range manifest for wrappy@1 fetched in 65ms
309 silly resolveWithNewModule wrappy@1.0.2 checking installable status
310 http fetch GET 304 https://registry.npmjs.org/brace-expansion 51ms (from cache)
311 silly pacote range manifest for brace-expansion@^1.1.7 fetched in 53ms
312 silly resolveWithNewModule brace-expansion@1.1.11 checking installable status
313 http fetch GET 304 https://registry.npmjs.org/concat-map 58ms (from cache)
314 silly pacote version manifest for concat-map@0.0.1 fetched in 62ms
315 silly resolveWithNewModule concat-map@0.0.1 checking installable status
316 http fetch GET 304 https://registry.npmjs.org/balanced-match 68ms (from cache)
317 silly pacote range manifest for balanced-match@^1.0.0 fetched in 69ms
318 silly resolveWithNewModule balanced-match@1.0.0 checking installable status
319 silly pacote range manifest for yallist@^3.0.2 fetched in 0ms
320 silly resolveWithNewModule yallist@3.1.1 checking installable status
321 http fetch GET 304 https://registry.npmjs.org/parallel-transform 51ms (from cache)
322 silly pacote range manifest for parallel-transform@^1.1.0 fetched in 52ms
323 silly resolveWithNewModule parallel-transform@1.2.0 checking installable status
324 http fetch GET 304 https://registry.npmjs.org/pump 70ms (from cache)
325 http fetch GET 304 https://registry.npmjs.org/end-of-stream 71ms (from cache)
326 http fetch GET 304 https://registry.npmjs.org/flush-write-stream 71ms (from cache)
327 http fetch GET 304 https://registry.npmjs.org/duplexify 71ms (from cache)
328 silly pacote range manifest for pump@^3.0.0 fetched in 73ms
329 silly resolveWithNewModule pump@3.0.0 checking installable status
330 silly pacote range manifest for end-of-stream@^1.1.0 fetched in 75ms
331 silly resolveWithNewModule end-of-stream@1.4.4 checking installable status
332 silly pacote range manifest for flush-write-stream@^1.0.0 fetched in 75ms
333 silly resolveWithNewModule flush-write-stream@1.1.1 checking installable status
334 silly pacote range manifest for duplexify@^3.4.2 fetched in 76ms
335 silly resolveWithNewModule duplexify@3.7.1 checking installable status
336 http fetch GET 304 https://registry.npmjs.org/through2 74ms (from cache)
337 http fetch GET 304 https://registry.npmjs.org/from2 78ms (from cache)
338 http fetch GET 304 https://registry.npmjs.org/pumpify 77ms (from cache)
339 silly pacote range manifest for through2@^2.0.0 fetched in 78ms
340 silly resolveWithNewModule through2@2.0.5 checking installable status
341 silly pacote range manifest for from2@^2.1.0 fetched in 80ms
342 silly resolveWithNewModule from2@2.3.0 checking installable status
343 http fetch GET 304 https://registry.npmjs.org/stream-each 80ms (from cache)
344 silly pacote range manifest for pumpify@^1.3.3 fetched in 80ms
345 silly resolveWithNewModule pumpify@1.5.1 checking installable status
346 silly pacote range manifest for stream-each@^1.1.0 fetched in 81ms
347 silly resolveWithNewModule stream-each@1.2.3 checking installable status
348 http fetch GET 304 https://registry.npmjs.org/concat-stream 85ms (from cache)
349 silly pacote range manifest for concat-stream@^1.5.0 fetched in 86ms
350 silly resolveWithNewModule concat-stream@1.6.2 checking installable status
351 http fetch GET 304 https://registry.npmjs.org/buffer-from 58ms (from cache)
352 silly pacote range manifest for buffer-from@^1.0.0 fetched in 61ms
353 silly resolveWithNewModule buffer-from@1.1.1 checking installable status
354 http fetch GET 304 https://registry.npmjs.org/typedarray 67ms (from cache)
355 silly pacote range manifest for typedarray@^0.0.6 fetched in 69ms
356 silly resolveWithNewModule typedarray@0.0.6 checking installable status
357 http fetch GET 304 https://registry.npmjs.org/readable-stream 70ms (from cache)
358 silly pacote range manifest for readable-stream@^2.2.2 fetched in 73ms
359 silly resolveWithNewModule readable-stream@2.3.7 checking installable status
360 silly pacote range manifest for safe-buffer@~5.1.1 fetched in 2ms
361 silly resolveWithNewModule safe-buffer@5.1.2 checking installable status
362 http fetch GET 304 https://registry.npmjs.org/isarray 59ms (from cache)
363 silly pacote range manifest for isarray@~1.0.0 fetched in 61ms
364 silly resolveWithNewModule isarray@1.0.0 checking installable status
365 http fetch GET 304 https://registry.npmjs.org/core-util-is 62ms (from cache)
366 http fetch GET 304 https://registry.npmjs.org/process-nextick-args 62ms (from cache)
367 silly pacote range manifest for core-util-is@~1.0.0 fetched in 64ms
368 silly resolveWithNewModule core-util-is@1.0.2 checking installable status
369 silly pacote range manifest for process-nextick-args@~2.0.0 fetched in 64ms
370 silly resolveWithNewModule process-nextick-args@2.0.1 checking installable status
371 http fetch GET 304 https://registry.npmjs.org/string_decoder 64ms (from cache)
372 http fetch GET 304 https://registry.npmjs.org/util-deprecate 65ms (from cache)
373 silly pacote range manifest for string_decoder@~1.1.1 fetched in 66ms
374 silly resolveWithNewModule string_decoder@1.1.1 checking installable status
375 silly pacote range manifest for util-deprecate@~1.0.1 fetched in 66ms
376 silly resolveWithNewModule util-deprecate@1.0.2 checking installable status
377 silly pacote range manifest for safe-buffer@~5.1.0 fetched in 0ms
378 silly resolveWithNewModule safe-buffer@5.1.2 checking installable status
379 http fetch GET 304 https://registry.npmjs.org/stream-shift 54ms (from cache)
380 silly pacote range manifest for stream-shift@^1.0.0 fetched in 55ms
381 silly resolveWithNewModule stream-shift@1.0.1 checking installable status
382 http fetch GET 304 https://registry.npmjs.org/cyclist 42ms (from cache)
383 silly pacote range manifest for cyclist@^1.0.1 fetched in 43ms
384 silly resolveWithNewModule cyclist@1.0.1 checking installable status
385 silly pacote range manifest for pump@^2.0.0 fetched in 1ms
386 silly resolveWithNewModule pump@2.0.1 checking installable status
387 http fetch GET 304 https://registry.npmjs.org/xtend 51ms (from cache)
388 silly pacote range manifest for xtend@~4.0.1 fetched in 52ms
389 silly resolveWithNewModule xtend@4.0.2 checking installable status
390 http fetch GET 304 https://registry.npmjs.org/minimist 66ms (from cache)
391 silly pacote range manifest for minimist@^1.2.5 fetched in 69ms
392 silly resolveWithNewModule minimist@1.2.5 checking installable status
393 silly pacote range manifest for rimraf@^2.5.4 fetched in 2ms
394 silly resolveWithNewModule rimraf@2.7.1 checking installable status
395 http fetch GET 304 https://registry.npmjs.org/copy-concurrently 68ms (from cache)
396 http fetch GET 304 https://registry.npmjs.org/aproba 69ms (from cache)
397 http fetch GET 304 https://registry.npmjs.org/fs-write-stream-atomic 69ms (from cache)
398 silly pacote range manifest for copy-concurrently@^1.0.0 fetched in 71ms
399 silly resolveWithNewModule copy-concurrently@1.0.5 checking installable status
400 silly pacote range manifest for aproba@^1.1.1 fetched in 71ms
401 silly resolveWithNewModule aproba@1.2.0 checking installable status
402 silly pacote range manifest for fs-write-stream-atomic@^1.0.8 fetched in 71ms
403 silly resolveWithNewModule fs-write-stream-atomic@1.0.10 checking installable status
404 http fetch GET 304 https://registry.npmjs.org/run-queue 71ms (from cache)
405 silly pacote range manifest for run-queue@^1.0.3 fetched in 72ms
406 silly resolveWithNewModule run-queue@1.0.3 checking installable status
407 silly pacote range manifest for rimraf@^2.5.4 fetched in 2ms
408 silly resolveWithNewModule rimraf@2.7.1 checking installable status
409 http fetch GET 304 https://registry.npmjs.org/iferr 49ms (from cache)
410 silly pacote range manifest for iferr@^0.1.5 fetched in 50ms
411 silly resolveWithNewModule iferr@0.1.5 checking installable status
412 http fetch GET 304 https://registry.npmjs.org/imurmurhash 80ms (from cache)
413 silly pacote range manifest for imurmurhash@^0.1.4 fetched in 82ms
414 silly resolveWithNewModule imurmurhash@0.1.4 checking installable status
415 http fetch GET 304 https://registry.npmjs.org/unique-slug 54ms (from cache)
416 silly pacote range manifest for unique-slug@^2.0.0 fetched in 56ms
417 silly resolveWithNewModule unique-slug@2.0.2 checking installable status
418 silly pacote range manifest for yallist@^3.0.2 fetched in 2ms
419 silly resolveWithNewModule yallist@3.1.1 checking installable status
420 silly pacote range manifest for lru-cache@^5.1.1 fetched in 2ms
421 silly resolveWithNewModule lru-cache@5.1.1 checking installable status
422 http fetch GET 304 https://registry.npmjs.org/agentkeepalive 58ms (from cache)
423 http fetch GET 304 https://registry.npmjs.org/https-proxy-agent 58ms (from cache)
424 silly pacote range manifest for agentkeepalive@^3.4.1 fetched in 61ms
425 silly resolveWithNewModule agentkeepalive@3.5.2 checking installable status
426 http fetch GET 304 https://registry.npmjs.org/node-fetch-npm 61ms (from cache)
427 silly pacote range manifest for https-proxy-agent@^2.2.3 fetched in 63ms
428 silly resolveWithNewModule https-proxy-agent@2.2.4 checking installable status
429 silly pacote range manifest for node-fetch-npm@^2.0.2 fetched in 64ms
430 silly resolveWithNewModule node-fetch-npm@2.0.4 checking installable status
431 http fetch GET 304 https://registry.npmjs.org/socks-proxy-agent 65ms (from cache)
432 silly pacote range manifest for socks-proxy-agent@^4.0.0 fetched in 71ms
433 silly resolveWithNewModule socks-proxy-agent@4.0.2 checking installable status
434 http fetch GET 304 https://registry.npmjs.org/http-cache-semantics 75ms (from cache)
435 http fetch GET 304 https://registry.npmjs.org/http-proxy-agent 75ms (from cache)
436 silly pacote range manifest for http-cache-semantics@^3.8.1 fetched in 78ms
437 silly resolveWithNewModule http-cache-semantics@3.8.1 checking installable status
438 silly pacote range manifest for http-proxy-agent@^2.1.0 fetched in 78ms
439 silly resolveWithNewModule http-proxy-agent@2.1.0 checking installable status
440 http fetch GET 304 https://registry.npmjs.org/humanize-ms 47ms (from cache)
441 silly pacote range manifest for humanize-ms@^1.2.1 fetched in 49ms
442 silly resolveWithNewModule humanize-ms@1.2.1 checking installable status
443 http fetch GET 304 https://registry.npmjs.org/ms 64ms (from cache)
444 silly pacote range manifest for ms@^2.0.0 fetched in 66ms
445 silly resolveWithNewModule ms@2.1.2 checking installable status
446 silly pacote version manifest for debug@3.1.0 fetched in 2ms
447 silly resolveWithNewModule debug@3.1.0 checking installable status
448 http fetch GET 304 https://registry.npmjs.org/agent-base 55ms (from cache)
449 silly pacote range manifest for agent-base@4 fetched in 57ms
450 silly resolveWithNewModule agent-base@4.3.0 checking installable status
451 http fetch GET 304 https://registry.npmjs.org/es6-promisify 72ms (from cache)
452 silly pacote range manifest for es6-promisify@^5.0.0 fetched in 73ms
453 silly resolveWithNewModule es6-promisify@5.0.0 checking installable status
454 http fetch GET 200 https://registry.npmjs.org/es6-promise 2ms (from cache)
455 silly pacote range manifest for es6-promise@^4.0.3 fetched in 4ms
456 silly resolveWithNewModule es6-promise@4.2.8 checking installable status
457 silly pacote version manifest for ms@2.0.0 fetched in 1ms
458 silly resolveWithNewModule ms@2.0.0 checking installable status
459 silly pacote range manifest for debug@^3.1.0 fetched in 0ms
460 silly resolveWithNewModule debug@3.2.7 checking installable status
461 silly pacote range manifest for yallist@^3.0.2 fetched in 3ms
462 silly resolveWithNewModule yallist@3.1.1 checking installable status
463 http fetch GET 304 https://registry.npmjs.org/json-parse-better-errors 53ms (from cache)
464 silly pacote range manifest for json-parse-better-errors@^1.0.0 fetched in 54ms
465 silly resolveWithNewModule json-parse-better-errors@1.0.2 checking installable status
466 http fetch GET 304 https://registry.npmjs.org/encoding 65ms (from cache)
467 silly pacote range manifest for encoding@^0.1.11 fetched in 66ms
468 silly resolveWithNewModule encoding@0.1.13 checking installable status
469 http fetch GET 304 https://registry.npmjs.org/iconv-lite 47ms (from cache)
470 silly pacote range manifest for iconv-lite@^0.6.2 fetched in 49ms
471 silly resolveWithNewModule iconv-lite@0.6.2 checking installable status
472 http fetch GET 304 https://registry.npmjs.org/safer-buffer 56ms (from cache)
473 silly pacote range manifest for safer-buffer@>= 2.1.2 < 3.0.0 fetched in 57ms
474 silly resolveWithNewModule safer-buffer@2.1.2 checking installable status
475 http fetch GET 304 https://registry.npmjs.org/err-code 53ms (from cache)
476 silly pacote range manifest for err-code@^1.0.0 fetched in 56ms
477 silly resolveWithNewModule err-code@1.1.2 checking installable status
478 http fetch GET 304 https://registry.npmjs.org/retry 57ms (from cache)
479 silly pacote range manifest for retry@^0.10.0 fetched in 59ms
480 silly resolveWithNewModule retry@0.10.1 checking installable status
481 silly pacote range manifest for agent-base@~4.2.1 fetched in 1ms
482 silly resolveWithNewModule agent-base@4.2.1 checking installable status
483 http fetch GET 304 https://registry.npmjs.org/socks 47ms (from cache)
484 silly pacote range manifest for socks@~2.3.2 fetched in 48ms
485 silly resolveWithNewModule socks@2.3.3 checking installable status
486 http fetch GET 304 https://registry.npmjs.org/smart-buffer 55ms (from cache)
487 silly pacote range manifest for smart-buffer@^4.1.0 fetched in 57ms
488 silly resolveWithNewModule smart-buffer@4.1.0 checking installable status
489 http fetch GET 304 https://registry.npmjs.org/ip 73ms (from cache)
490 silly pacote version manifest for ip@1.1.5 fetched in 73ms
491 silly resolveWithNewModule ip@1.1.5 checking installable status
492 silly pacote range manifest for yallist@^3.0.0 fetched in 1ms
493 silly resolveWithNewModule yallist@3.1.1 checking installable status
494 silly pacote range manifest for hosted-git-info@^2.1.4 fetched in 4ms
495 silly resolveWithNewModule hosted-git-info@2.8.8 checking installable status
496 silly pacote range manifest for semver@2 || 3 || 4 || 5 fetched in 4ms
497 silly resolveWithNewModule semver@5.7.1 checking installable status
498 http fetch GET 304 https://registry.npmjs.org/validate-npm-package-license 55ms (from cache)
499 silly pacote range manifest for validate-npm-package-license@^3.0.1 fetched in 57ms
500 silly resolveWithNewModule validate-npm-package-license@3.0.4 checking installable status
501 http fetch GET 304 https://registry.npmjs.org/is-core-module 57ms (from cache)
502 http fetch GET 304 https://registry.npmjs.org/path-parse 56ms (from cache)
503 silly pacote range manifest for is-core-module@^2.0.0 fetched in 58ms
504 silly resolveWithNewModule is-core-module@2.1.0 checking installable status
505 silly pacote range manifest for path-parse@^1.0.6 fetched in 58ms
506 silly resolveWithNewModule path-parse@1.0.6 checking installable status
507 http fetch GET 304 https://registry.npmjs.org/has 56ms (from cache)
508 silly pacote range manifest for has@^1.0.3 fetched in 57ms
509 silly resolveWithNewModule has@1.0.3 checking installable status
510 http fetch GET 304 https://registry.npmjs.org/function-bind 53ms (from cache)
511 silly pacote range manifest for function-bind@^1.1.1 fetched in 54ms
512 silly resolveWithNewModule function-bind@1.1.1 checking installable status
513 http fetch GET 304 https://registry.npmjs.org/spdx-expression-parse 54ms (from cache)
514 http fetch GET 304 https://registry.npmjs.org/spdx-correct 55ms (from cache)
515 silly pacote range manifest for spdx-expression-parse@^3.0.0 fetched in 56ms
516 silly resolveWithNewModule spdx-expression-parse@3.0.1 checking installable status
517 silly pacote range manifest for spdx-correct@^3.0.0 fetched in 57ms
518 silly resolveWithNewModule spdx-correct@3.1.1 checking installable status
519 http fetch GET 304 https://registry.npmjs.org/spdx-license-ids 55ms (from cache)
520 silly pacote range manifest for spdx-license-ids@^3.0.0 fetched in 57ms
521 silly resolveWithNewModule spdx-license-ids@3.0.6 checking installable status
522 http fetch GET 304 https://registry.npmjs.org/spdx-exceptions 51ms (from cache)
523 silly pacote range manifest for spdx-exceptions@^2.1.0 fetched in 52ms
524 silly resolveWithNewModule spdx-exceptions@2.3.0 checking installable status
525 silly pacote range manifest for hosted-git-info@^2.7.1 fetched in 2ms
526 silly resolveWithNewModule hosted-git-info@2.8.8 checking installable status
527 http fetch GET 200 https://registry.npmjs.org/os-tmpdir 3ms (from cache)
528 silly pacote range manifest for os-tmpdir@^1.0.0 fetched in 3ms
529 silly resolveWithNewModule os-tmpdir@1.0.2 checking installable status
530 http fetch GET 304 https://registry.npmjs.org/os-homedir 49ms (from cache)
531 silly pacote range manifest for os-homedir@^1.0.0 fetched in 50ms
532 silly resolveWithNewModule os-homedir@1.0.2 checking installable status
533 http fetch GET 304 https://registry.npmjs.org/ignore-walk 53ms (from cache)
534 silly pacote range manifest for ignore-walk@^3.0.1 fetched in 55ms
535 silly resolveWithNewModule ignore-walk@3.0.3 checking installable status
536 http fetch GET 304 https://registry.npmjs.org/npm-bundled 62ms (from cache)
537 silly pacote range manifest for npm-bundled@^1.0.1 fetched in 64ms
538 silly resolveWithNewModule npm-bundled@1.1.1 checking installable status
539 silly pacote range manifest for lru-cache@^5.1.1 fetched in 1ms
540 silly resolveWithNewModule lru-cache@5.1.1 checking installable status
541 silly pacote range manifest for npm-package-arg@^6.1.0 fetched in 1ms
542 silly resolveWithNewModule npm-package-arg@6.1.1 checking installable status
543 http fetch GET 304 https://registry.npmjs.org/JSONStream 54ms (from cache)
544 silly pacote range manifest for JSONStream@^1.3.4 fetched in 58ms
545 silly resolveWithNewModule JSONStream@1.3.5 checking installable status
546 http fetch GET 304 https://registry.npmjs.org/jsonparse 46ms (from cache)
547 silly pacote range manifest for jsonparse@^1.2.0 fetched in 47ms
548 silly resolveWithNewModule jsonparse@1.3.1 checking installable status
549 http fetch GET 304 https://registry.npmjs.org/through 49ms (from cache)
550 silly pacote range manifest for through@>=2.2.7 <3 fetched in 50ms
551 silly resolveWithNewModule through@2.3.8 checking installable status
552 silly pacote range manifest for yallist@^3.0.2 fetched in 1ms
553 silly resolveWithNewModule yallist@3.1.1 checking installable status
554 silly pacote range manifest for hosted-git-info@^2.7.1 fetched in 1ms
555 silly resolveWithNewModule hosted-git-info@2.8.8 checking installable status
556 silly pacote range manifest for semver@^5.6.0 fetched in 1ms
557 silly resolveWithNewModule semver@5.7.1 checking installable status
558 http fetch GET 304 https://registry.npmjs.org/genfun 60ms (from cache)
559 silly pacote range manifest for genfun@^5.0.0 fetched in 61ms
560 silly resolveWithNewModule genfun@5.0.0 checking installable status
561 silly pacote range manifest for yallist@^3.0.3 fetched in 6ms
562 silly resolveWithNewModule yallist@3.1.1 checking installable status
563 http fetch GET 304 https://registry.npmjs.org/minizlib 64ms (from cache)
564 http fetch GET 304 https://registry.npmjs.org/fs-minipass 66ms (from cache)
565 silly pacote range manifest for minizlib@^1.2.1 fetched in 66ms
566 silly resolveWithNewModule minizlib@1.3.3 checking installable status
567 silly pacote range manifest for fs-minipass@^1.2.5 fetched in 68ms
568 silly resolveWithNewModule fs-minipass@1.2.7 checking installable status
569 http fetch GET 304 https://registry.npmjs.org/isexe 54ms (from cache)
570 silly pacote range manifest for isexe@^2.0.0 fetched in 56ms
571 silly resolveWithNewModule isexe@2.0.0 checking installable status
572 silly pacote range manifest for semver@^5.0.0 fetched in 1ms
573 silly resolveWithNewModule semver@5.7.1 checking installable status
574 http fetch GET 304 https://registry.npmjs.org/lodash 57ms (from cache)
575 http fetch GET 304 https://registry.npmjs.org/ansi-escapes 61ms (from cache)
576 http fetch GET 304 https://registry.npmjs.org/figures 61ms (from cache)
577 silly pacote range manifest for lodash@^4.17.19 fetched in 62ms
578 silly resolveWithNewModule lodash@4.17.20 checking installable status
579 silly pacote range manifest for ansi-escapes@^4.2.1 fetched in 64ms
580 silly resolveWithNewModule ansi-escapes@4.3.1 checking installable status
581 silly pacote range manifest for figures@^3.0.0 fetched in 65ms
582 silly resolveWithNewModule figures@3.2.0 checking installable status
583 http fetch GET 304 https://registry.npmjs.org/external-editor 67ms (from cache)
584 silly pacote range manifest for external-editor@^3.0.3 fetched in 74ms
585 silly resolveWithNewModule external-editor@3.1.0 checking installable status
586 http fetch GET 304 https://registry.npmjs.org/cli-width 75ms (from cache)
587 silly pacote range manifest for cli-width@^3.0.0 fetched in 78ms
588 silly resolveWithNewModule cli-width@3.0.0 checking installable status
589 http fetch GET 304 https://registry.npmjs.org/string-width 78ms (from cache)
590 silly pacote range manifest for string-width@^4.1.0 fetched in 78ms
591 silly resolveWithNewModule string-width@4.2.0 checking installable status
592 http fetch GET 304 https://registry.npmjs.org/run-async 79ms (from cache)
593 silly pacote range manifest for run-async@^2.4.0 fetched in 80ms
594 silly resolveWithNewModule run-async@2.4.1 checking installable status
595 http fetch GET 200 https://registry.npmjs.org/type-fest 1ms (from cache)
596 silly pacote range manifest for type-fest@^0.11.0 fetched in 2ms
597 silly resolveWithNewModule type-fest@0.11.0 checking installable status
598 silly pacote range manifest for iconv-lite@^0.4.24 fetched in 1ms
599 silly resolveWithNewModule iconv-lite@0.4.24 checking installable status
600 http fetch GET 200 https://registry.npmjs.org/chardet 4ms (from cache)
601 silly pacote range manifest for chardet@^0.7.0 fetched in 4ms
602 silly resolveWithNewModule chardet@0.7.0 checking installable status
603 http fetch GET 304 https://registry.npmjs.org/tmp 53ms (from cache)
604 silly pacote range manifest for tmp@^0.0.33 fetched in 54ms
605 silly resolveWithNewModule tmp@0.0.33 checking installable status
606 http fetch GET 304 https://registry.npmjs.org/escape-string-regexp 48ms (from cache)
607 silly pacote range manifest for escape-string-regexp@^1.0.5 fetched in 51ms
608 silly resolveWithNewModule escape-string-regexp@1.0.5 checking installable status
609 http fetch GET 304 https://registry.npmjs.org/emoji-regex 53ms (from cache)
610 http fetch GET 304 https://registry.npmjs.org/is-fullwidth-code-point 54ms (from cache)
611 silly pacote range manifest for emoji-regex@^8.0.0 fetched in 55ms
612 silly resolveWithNewModule emoji-regex@8.0.0 checking installable status
613 silly pacote range manifest for is-fullwidth-code-point@^3.0.0 fetched in 56ms
614 silly resolveWithNewModule is-fullwidth-code-point@3.0.0 checking installable status
615 http fetch GET 304 https://registry.npmjs.org/npm-install-checks 52ms (from cache)
616 silly pacote range manifest for npm-install-checks@^4.0.0 fetched in 53ms
617 silly resolveWithNewModule npm-install-checks@4.0.0 checking installable status
618 http fetch GET 304 https://registry.npmjs.org/is-wsl 79ms (from cache)
619 silly pacote range manifest for is-wsl@^2.1.1 fetched in 80ms
620 silly resolveWithNewModule is-wsl@2.2.0 checking installable status
621 http fetch GET 304 https://registry.npmjs.org/is-docker 81ms (from cache)
622 silly pacote range manifest for is-docker@^2.0.0 fetched in 82ms
623 silly resolveWithNewModule is-docker@2.1.1 checking installable status
624 silly pacote range manifest for uuid@^3.0.0 fetched in 2ms
625 silly resolveWithNewModule uuid@3.4.0 checking installable status
626 http fetch GET 304 https://registry.npmjs.org/request 49ms (from cache)
627 silly pacote range manifest for request@^2.88.2 fetched in 53ms
628 warn deprecated request@2.88.2: request has been deprecated, see https://github.com/request/request/issues/3142
629 silly resolveWithNewModule request@2.88.2 checking installable status
630 http fetch GET 304 https://registry.npmjs.org/forever-agent 66ms (from cache)
631 http fetch GET 304 https://registry.npmjs.org/combined-stream 67ms (from cache)
632 http fetch GET 304 https://registry.npmjs.org/form-data 67ms (from cache)
633 http fetch GET 304 https://registry.npmjs.org/har-validator 67ms (from cache)
634 http fetch GET 304 https://registry.npmjs.org/extend 69ms (from cache)
635 http fetch GET 304 https://registry.npmjs.org/is-typedarray 68ms (from cache)
636 http fetch GET 304 https://registry.npmjs.org/aws-sign2 72ms (from cache)
637 silly pacote range manifest for forever-agent@~0.6.1 fetched in 72ms
638 silly resolveWithNewModule forever-agent@0.6.1 checking installable status
639 silly pacote range manifest for combined-stream@~1.0.6 fetched in 72ms
640 silly resolveWithNewModule combined-stream@1.0.8 checking installable status
641 silly pacote range manifest for form-data@~2.3.2 fetched in 73ms
642 silly resolveWithNewModule form-data@2.3.3 checking installable status
643 silly pacote range manifest for har-validator@~5.1.3 fetched in 74ms
644 warn deprecated har-validator@5.1.5: this library is no longer supported
645 silly resolveWithNewModule har-validator@5.1.5 checking installable status
646 silly pacote range manifest for extend@~3.0.2 fetched in 76ms
647 silly resolveWithNewModule extend@3.0.2 checking installable status
648 silly pacote range manifest for is-typedarray@~1.0.0 fetched in 75ms
649 silly resolveWithNewModule is-typedarray@1.0.0 checking installable status
650 silly pacote range manifest for aws-sign2@~0.7.0 fetched in 79ms
651 silly resolveWithNewModule aws-sign2@0.7.0 checking installable status
652 http fetch GET 304 https://registry.npmjs.org/aws4 87ms (from cache)
653 silly pacote range manifest for aws4@^1.8.0 fetched in 90ms
654 silly resolveWithNewModule aws4@1.11.0 checking installable status
655 http fetch GET 304 https://registry.npmjs.org/caseless 92ms (from cache)
656 http fetch GET 304 https://registry.npmjs.org/http-signature 92ms (from cache)
657 silly pacote range manifest for caseless@~0.12.0 fetched in 95ms
658 silly resolveWithNewModule caseless@0.12.0 checking installable status
659 silly pacote range manifest for http-signature@~1.2.0 fetched in 93ms
660 silly resolveWithNewModule http-signature@1.2.0 checking installable status
661 silly pacote range manifest for uuid@^3.3.2 fetched in 1ms
662 silly resolveWithNewModule uuid@3.4.0 checking installable status
663 http fetch GET 304 https://registry.npmjs.org/json-stringify-safe 72ms (from cache)
664 http fetch GET 304 https://registry.npmjs.org/performance-now 70ms (from cache)
665 http fetch GET 304 https://registry.npmjs.org/oauth-sign 72ms (from cache)
666 http fetch GET 304 https://registry.npmjs.org/tough-cookie 73ms (from cache)
667 http fetch GET 304 https://registry.npmjs.org/isstream 79ms (from cache)
668 silly pacote range manifest for json-stringify-safe@~5.0.1 fetched in 83ms
669 silly resolveWithNewModule json-stringify-safe@5.0.1 checking installable status
670 http fetch GET 304 https://registry.npmjs.org/mime-types 85ms (from cache)
671 http fetch GET 304 https://registry.npmjs.org/qs 82ms (from cache)
672 silly pacote range manifest for performance-now@^2.1.0 fetched in 83ms
673 silly resolveWithNewModule performance-now@2.1.0 checking installable status
674 silly pacote range manifest for oauth-sign@~0.9.0 fetched in 84ms
675 silly resolveWithNewModule oauth-sign@0.9.0 checking installable status
676 silly pacote range manifest for tough-cookie@~2.5.0 fetched in 83ms
677 silly resolveWithNewModule tough-cookie@2.5.0 checking installable status
678 silly pacote range manifest for isstream@~0.1.2 fetched in 89ms
679 silly resolveWithNewModule isstream@0.1.2 checking installable status
680 silly pacote range manifest for mime-types@~2.1.19 fetched in 90ms
681 silly resolveWithNewModule mime-types@2.1.27 checking installable status
682 silly pacote range manifest for qs@~6.5.2 fetched in 88ms
683 silly resolveWithNewModule qs@6.5.2 checking installable status
684 http fetch GET 304 https://registry.npmjs.org/tunnel-agent 103ms (from cache)
685 silly pacote range manifest for tunnel-agent@^0.6.0 fetched in 104ms
686 silly resolveWithNewModule tunnel-agent@0.6.0 checking installable status
687 http fetch GET 304 https://registry.npmjs.org/delayed-stream 98ms (from cache)
688 silly pacote range manifest for delayed-stream@~1.0.0 fetched in 99ms
689 silly resolveWithNewModule delayed-stream@1.0.0 checking installable status
690 http fetch GET 304 https://registry.npmjs.org/asynckit 72ms (from cache)
691 silly pacote range manifest for asynckit@^0.4.0 fetched in 74ms
692 silly resolveWithNewModule asynckit@0.4.0 checking installable status
693 http fetch GET 304 https://registry.npmjs.org/mime-db 50ms (from cache)
694 silly pacote version manifest for mime-db@1.44.0 fetched in 53ms
695 silly resolveWithNewModule mime-db@1.44.0 checking installable status
696 http fetch GET 304 https://registry.npmjs.org/har-schema 69ms (from cache)
697 silly pacote range manifest for har-schema@^2.0.0 fetched in 70ms
698 silly resolveWithNewModule har-schema@2.0.0 checking installable status
699 http fetch GET 304 https://registry.npmjs.org/sshpk 53ms (from cache)
700 http fetch GET 304 https://registry.npmjs.org/assert-plus 55ms (from cache)
701 silly pacote range manifest for sshpk@^1.7.0 fetched in 55ms
702 silly resolveWithNewModule sshpk@1.16.1 checking installable status
703 silly pacote range manifest for assert-plus@^1.0.0 fetched in 57ms
704 silly resolveWithNewModule assert-plus@1.0.0 checking installable status
705 http fetch GET 304 https://registry.npmjs.org/jsprim 57ms (from cache)
706 silly pacote range manifest for jsprim@^1.2.2 fetched in 58ms
707 silly resolveWithNewModule jsprim@1.4.1 checking installable status
708 http fetch GET 304 https://registry.npmjs.org/json-schema 61ms (from cache)
709 silly pacote version manifest for json-schema@0.2.3 fetched in 63ms
710 silly resolveWithNewModule json-schema@0.2.3 checking installable status
711 http fetch GET 304 https://registry.npmjs.org/extsprintf 68ms (from cache)
712 silly pacote version manifest for extsprintf@1.3.0 fetched in 69ms
713 silly resolveWithNewModule extsprintf@1.3.0 checking installable status
714 http fetch GET 304 https://registry.npmjs.org/verror 106ms (from cache)
715 silly pacote version manifest for verror@1.10.0 fetched in 107ms
716 silly resolveWithNewModule verror@1.10.0 checking installable status
717 http fetch GET 304 https://registry.npmjs.org/asn1 56ms (from cache)
718 silly pacote range manifest for asn1@~0.2.3 fetched in 59ms
719 silly resolveWithNewModule asn1@0.2.4 checking installable status
720 http fetch GET 304 https://registry.npmjs.org/dashdash 76ms (from cache)
721 silly pacote range manifest for dashdash@^1.12.0 fetched in 82ms
722 silly resolveWithNewModule dashdash@1.14.1 checking installable status
723 http fetch GET 304 https://registry.npmjs.org/tweetnacl 82ms (from cache)
724 http fetch GET 304 https://registry.npmjs.org/getpass 84ms (from cache)
725 silly pacote range manifest for tweetnacl@~0.14.0 fetched in 84ms
726 silly resolveWithNewModule tweetnacl@0.14.5 checking installable status
727 silly pacote range manifest for getpass@^0.1.1 fetched in 85ms
728 silly resolveWithNewModule getpass@0.1.7 checking installable status
729 http fetch GET 304 https://registry.npmjs.org/jsbn 86ms (from cache)
730 http fetch GET 304 https://registry.npmjs.org/bcrypt-pbkdf 87ms (from cache)
731 silly pacote range manifest for jsbn@~0.1.0 fetched in 87ms
732 silly resolveWithNewModule jsbn@0.1.1 checking installable status
733 http fetch GET 304 https://registry.npmjs.org/ecc-jsbn 89ms (from cache)
734 silly pacote range manifest for bcrypt-pbkdf@^1.0.0 fetched in 89ms
735 silly resolveWithNewModule bcrypt-pbkdf@1.0.2 checking installable status
736 silly pacote range manifest for ecc-jsbn@~0.1.1 fetched in 90ms
737 silly resolveWithNewModule ecc-jsbn@0.1.2 checking installable status
738 http fetch GET 304 https://registry.npmjs.org/psl 73ms (from cache)
739 silly pacote range manifest for psl@^1.1.28 fetched in 74ms
740 silly resolveWithNewModule psl@1.8.0 checking installable status
741 timing stage:loadIdealTree:loadAllDepsIntoIdealTree Completed in 6342ms
742 timing stage:loadIdealTree Completed in 6410ms
743 silly currentTree lib
744 silly idealTree lib
744 silly idealTree  @angular/cli@11.0.2
744 silly idealTree    @angular-devkit/architect@0.1100.2
744 silly idealTree    @angular-devkit/core@11.0.2
744 silly idealTree    @angular-devkit/schematics@11.0.2
744 silly idealTree    @schematics/angular@11.0.2
744 silly idealTree    @schematics/update@0.1100.2
744 silly idealTree    @yarnpkg/lockfile@1.1.0
744 silly idealTree    agent-base@4.3.0
744 silly idealTree    agentkeepalive@3.5.2
744 silly idealTree    ajv@6.12.6
744 silly idealTree    ansi-colors@4.1.1
744 silly idealTree    ansi-escapes@4.3.1
744 silly idealTree    ansi-regex@5.0.0
744 silly idealTree    ansi-styles@4.3.0
744 silly idealTree    aproba@1.2.0
744 silly idealTree    asn1@0.2.4
744 silly idealTree    assert-plus@1.0.0
744 silly idealTree    asynckit@0.4.0
744 silly idealTree    aws-sign2@0.7.0
744 silly idealTree    aws4@1.11.0
744 silly idealTree    balanced-match@1.0.0
744 silly idealTree    bcrypt-pbkdf@1.0.2
744 silly idealTree    bluebird@3.7.2
744 silly idealTree    brace-expansion@1.1.11
744 silly idealTree    buffer-from@1.1.1
744 silly idealTree    builtins@1.0.3
744 silly idealTree    cacache@12.0.4
744 silly idealTree     lru-cache@5.1.1
744 silly idealTree     rimraf@2.7.1
744 silly idealTree     yallist@3.1.1
744 silly idealTree    caseless@0.12.0
744 silly idealTree    chalk@4.1.0
744 silly idealTree    chardet@0.7.0
744 silly idealTree    chownr@1.1.4
744 silly idealTree    cli-cursor@3.1.0
744 silly idealTree    cli-spinners@2.5.0
744 silly idealTree    cli-width@3.0.0
744 silly idealTree    clone@1.0.4
744 silly idealTree    color-convert@2.0.1
744 silly idealTree    color-name@1.1.4
744 silly idealTree    combined-stream@1.0.8
744 silly idealTree    concat-map@0.0.1
744 silly idealTree    concat-stream@1.6.2
744 silly idealTree    copy-concurrently@1.0.5
744 silly idealTree     rimraf@2.7.1
744 silly idealTree    core-util-is@1.0.2
744 silly idealTree    cyclist@1.0.1
744 silly idealTree    dashdash@1.14.1
744 silly idealTree    debug@4.2.0
744 silly idealTree    defaults@1.0.3
744 silly idealTree    delayed-stream@1.0.0
744 silly idealTree    duplexify@3.7.1
744 silly idealTree    ecc-jsbn@0.1.2
744 silly idealTree    emoji-regex@8.0.0
744 silly idealTree    encoding@0.1.13
744 silly idealTree    end-of-stream@1.4.4
744 silly idealTree    err-code@1.1.2
744 silly idealTree    es6-promise@4.2.8
744 silly idealTree    es6-promisify@5.0.0
744 silly idealTree    escape-string-regexp@1.0.5
744 silly idealTree    extend@3.0.2
744 silly idealTree    external-editor@3.1.0
744 silly idealTree     iconv-lite@0.4.24
744 silly idealTree    extsprintf@1.3.0
744 silly idealTree    fast-deep-equal@3.1.3
744 silly idealTree    fast-json-stable-stringify@2.1.0
744 silly idealTree    figgy-pudding@3.5.2
744 silly idealTree    figures@3.2.0
744 silly idealTree    flush-write-stream@1.1.1
744 silly idealTree    forever-agent@0.6.1
744 silly idealTree    form-data@2.3.3
744 silly idealTree    from2@2.3.0
744 silly idealTree    fs-minipass@1.2.7
744 silly idealTree    fs-write-stream-atomic@1.0.10
744 silly idealTree    fs.realpath@1.0.0
744 silly idealTree    function-bind@1.1.1
744 silly idealTree    genfun@5.0.0
744 silly idealTree    get-stream@4.1.0
744 silly idealTree    getpass@0.1.7
744 silly idealTree    glob@7.1.6
744 silly idealTree    graceful-fs@4.2.4
744 silly idealTree    har-schema@2.0.0
744 silly idealTree    har-validator@5.1.5
744 silly idealTree    has-flag@4.0.0
744 silly idealTree    has@1.0.3
744 silly idealTree    hosted-git-info@3.0.7
744 silly idealTree    http-cache-semantics@3.8.1
744 silly idealTree    http-proxy-agent@2.1.0
744 silly idealTree     debug@3.1.0
744 silly idealTree     ms@2.0.0
744 silly idealTree    http-signature@1.2.0
744 silly idealTree    https-proxy-agent@2.2.4
744 silly idealTree     debug@3.2.7
744 silly idealTree    humanize-ms@1.2.1
744 silly idealTree    iconv-lite@0.6.2
744 silly idealTree    iferr@0.1.5
744 silly idealTree    ignore-walk@3.0.3
744 silly idealTree    imurmurhash@0.1.4
744 silly idealTree    infer-owner@1.0.4
744 silly idealTree    inflight@1.0.6
744 silly idealTree    inherits@2.0.4
744 silly idealTree    ini@1.3.5
744 silly idealTree    inquirer@7.3.3
744 silly idealTree    ip@1.1.5
744 silly idealTree    is-core-module@2.1.0
744 silly idealTree    is-docker@2.1.1
744 silly idealTree    is-fullwidth-code-point@3.0.0
744 silly idealTree    is-interactive@1.0.0
744 silly idealTree    is-typedarray@1.0.0
744 silly idealTree    is-wsl@2.2.0
744 silly idealTree    isarray@1.0.0
744 silly idealTree    isexe@2.0.0
744 silly idealTree    isstream@0.1.2
744 silly idealTree    jsbn@0.1.1
744 silly idealTree    json-parse-better-errors@1.0.2
744 silly idealTree    json-schema-traverse@0.4.1
744 silly idealTree    json-schema@0.2.3
744 silly idealTree    json-stringify-safe@5.0.1
744 silly idealTree    jsonc-parser@2.3.1
744 silly idealTree    jsonparse@1.3.1
744 silly idealTree    JSONStream@1.3.5
744 silly idealTree    jsprim@1.4.1
744 silly idealTree    lodash@4.17.20
744 silly idealTree    log-symbols@4.0.0
744 silly idealTree    lru-cache@6.0.0
744 silly idealTree    magic-string@0.25.7
744 silly idealTree    make-fetch-happen@5.0.2
744 silly idealTree     lru-cache@5.1.1
744 silly idealTree     yallist@3.1.1
744 silly idealTree    mime-db@1.44.0
744 silly idealTree    mime-types@2.1.27
744 silly idealTree    mimic-fn@2.1.0
744 silly idealTree    minimatch@3.0.4
744 silly idealTree    minimist@1.2.5
744 silly idealTree    minipass@2.9.0
744 silly idealTree     yallist@3.1.1
744 silly idealTree    minizlib@1.3.3
744 silly idealTree    mississippi@3.0.0
744 silly idealTree    mkdirp@0.5.5
744 silly idealTree    move-concurrently@1.0.1
744 silly idealTree     rimraf@2.7.1
744 silly idealTree    ms@2.1.2
744 silly idealTree    mute-stream@0.0.8
744 silly idealTree    node-fetch-npm@2.0.4
744 silly idealTree    normalize-package-data@2.5.0
744 silly idealTree     hosted-git-info@2.8.8
744 silly idealTree     semver@5.7.1
744 silly idealTree    npm-bundled@1.1.1
744 silly idealTree    npm-install-checks@4.0.0
744 silly idealTree    npm-normalize-package-bin@1.0.1
744 silly idealTree    npm-package-arg@8.1.0
744 silly idealTree    npm-packlist@1.4.8
744 silly idealTree    npm-pick-manifest@6.1.0
744 silly idealTree    npm-registry-fetch@4.0.7
744 silly idealTree     hosted-git-info@2.8.8
744 silly idealTree     lru-cache@5.1.1
744 silly idealTree     npm-package-arg@6.1.1
744 silly idealTree     semver@5.7.1
744 silly idealTree     yallist@3.1.1
744 silly idealTree    oauth-sign@0.9.0
744 silly idealTree    once@1.4.0
744 silly idealTree    onetime@5.1.2
744 silly idealTree    open@7.3.0
744 silly idealTree    ora@5.1.0
744 silly idealTree    os-homedir@1.0.2
744 silly idealTree    os-tmpdir@1.0.2
744 silly idealTree    osenv@0.1.5
744 silly idealTree    pacote@9.5.12
744 silly idealTree     hosted-git-info@2.8.8
744 silly idealTree     lru-cache@5.1.1
744 silly idealTree     npm-package-arg@6.1.1
744 silly idealTree     npm-pick-manifest@3.0.2
744 silly idealTree     rimraf@2.7.1
744 silly idealTree     semver@5.7.1
744 silly idealTree     yallist@3.1.1
744 silly idealTree    parallel-transform@1.2.0
744 silly idealTree    path-is-absolute@1.0.1
744 silly idealTree    path-parse@1.0.6
744 silly idealTree    performance-now@2.1.0
744 silly idealTree    process-nextick-args@2.0.1
744 silly idealTree    promise-inflight@1.0.1
744 silly idealTree    promise-retry@1.1.1
744 silly idealTree    protoduck@5.0.1
744 silly idealTree    psl@1.8.0
744 silly idealTree    pump@3.0.0
744 silly idealTree    pumpify@1.5.1
744 silly idealTree     pump@2.0.1
744 silly idealTree    punycode@2.1.1
744 silly idealTree    qs@6.5.2
744 silly idealTree    readable-stream@2.3.7
744 silly idealTree     safe-buffer@5.1.2
744 silly idealTree    request@2.88.2
744 silly idealTree     uuid@3.4.0
744 silly idealTree    resolve@1.18.1
744 silly idealTree    restore-cursor@3.1.0
744 silly idealTree    retry@0.10.1
744 silly idealTree    rimraf@3.0.2
744 silly idealTree    run-async@2.4.1
744 silly idealTree    run-queue@1.0.3
744 silly idealTree    rxjs@6.6.3
744 silly idealTree    safe-buffer@5.2.1
744 silly idealTree    safer-buffer@2.1.2
744 silly idealTree    semver-intersect@1.4.0
744 silly idealTree     semver@5.7.1
744 silly idealTree    semver@7.3.2
744 silly idealTree    signal-exit@3.0.3
744 silly idealTree    smart-buffer@4.1.0
744 silly idealTree    socks-proxy-agent@4.0.2
744 silly idealTree     agent-base@4.2.1
744 silly idealTree    socks@2.3.3
744 silly idealTree    source-map@0.7.3
744 silly idealTree    sourcemap-codec@1.4.8
744 silly idealTree    spdx-correct@3.1.1
744 silly idealTree    spdx-exceptions@2.3.0
744 silly idealTree    spdx-expression-parse@3.0.1
744 silly idealTree    spdx-license-ids@3.0.6
744 silly idealTree    sshpk@1.16.1
744 silly idealTree    ssri@6.0.1
744 silly idealTree    stream-each@1.2.3
744 silly idealTree    stream-shift@1.0.1
744 silly idealTree    string_decoder@1.1.1
744 silly idealTree     safe-buffer@5.1.2
744 silly idealTree    string-width@4.2.0
744 silly idealTree    strip-ansi@6.0.0
744 silly idealTree    supports-color@7.2.0
744 silly idealTree    symbol-observable@2.0.3
744 silly idealTree    tar@4.4.13
744 silly idealTree     yallist@3.1.1
744 silly idealTree    through@2.3.8
744 silly idealTree    through2@2.0.5
744 silly idealTree    tmp@0.0.33
744 silly idealTree    tough-cookie@2.5.0
744 silly idealTree    tslib@1.14.1
744 silly idealTree    tunnel-agent@0.6.0
744 silly idealTree    tweetnacl@0.14.5
744 silly idealTree    type-fest@0.11.0
744 silly idealTree    typedarray@0.0.6
744 silly idealTree    unique-filename@1.1.1
744 silly idealTree    unique-slug@2.0.2
744 silly idealTree    universal-analytics@0.4.23
744 silly idealTree     uuid@3.4.0
744 silly idealTree    uri-js@4.4.0
744 silly idealTree    util-deprecate@1.0.2
744 silly idealTree    uuid@8.3.1
744 silly idealTree    validate-npm-package-license@3.0.4
744 silly idealTree    validate-npm-package-name@3.0.0
744 silly idealTree    verror@1.10.0
744 silly idealTree    wcwidth@1.0.1
744 silly idealTree    which@1.3.1
744 silly idealTree    wrappy@1.0.2
744 silly idealTree    xtend@4.0.2
744 silly idealTree    y18n@4.0.0
744 silly idealTree    yallist@4.0.0
745 silly install generateActionsToTake
746 warn checkPermissions Missing write access to /usr/lib/node_modules
747 timing stage:rollbackFailedOptional Completed in 1ms
748 timing stage:runTopLevelLifecycles Completed in 6679ms
749 verbose stack Error: EACCES: permission denied, access '/usr/lib/node_modules'
750 verbose cwd /
751 verbose Linux 3.10.0-862.el7.x86_64
752 verbose argv "/usr/bin/node" "/usr/bin/npm" "install" "-g" "@angular/cli"
753 verbose node v12.20.0
754 verbose npm  v6.14.8
755 error code EACCES
756 error syscall access
757 error path /usr/lib/node_modules
758 error errno -13
759 error Error: EACCES: permission denied, access '/usr/lib/node_modules'
759 error  [Error: EACCES: permission denied, access '/usr/lib/node_modules'] {
759 error   errno: -13,
759 error   code: 'EACCES',
759 error   syscall: 'access',
759 error   path: '/usr/lib/node_modules'
759 error }
760 error The operation was rejected by your operating system.
760 error It is likely you do not have the permissions to access this file as the current user
760 error
760 error If you believe this might be a permissions issue, please double-check the
760 error permissions of the file and its containing directories, or try running
760 error the command again as root/Administrator.
761 verbose exit [ -13, true ]
